<?xml version="1.0" encoding="UTF-8"?>
<testsuite name="JUnit Jupiter" tests="18" skipped="0" failures="1" errors="3" time="2.154" hostname="DESKTOP-3NJPEH4" timestamp="2017-11-16T16:29:16">
<properties>
[...]
</properties>
<testcase name="calculateAssetsWithZeroShares()" classname="stocks.StockReporterTest" time="0.868">
<system-out><![CDATA[
unique-id: [engine:junit-jupiter]/[class:stocks.StockReporterTest]/[method:calculateAssetsWithZeroShares()]
display-name: calculateAssetsWithZeroShares()
]]></system-out>
</testcase>
<testcase name="calculateAssetsWithZeroPrice()" classname="stocks.StockReporterTest" time="0.001">
<system-out><![CDATA[
unique-id: [engine:junit-jupiter]/[class:stocks.StockReporterTest]/[method:calculateAssetsWithZeroPrice()]
display-name: calculateAssetsWithZeroPrice()
]]></system-out>
</testcase>
<testcase name="computeNetAssetWithOneNegativeShare()" classname="stocks.StockReporterTest" time="0.007">
<system-out><![CDATA[
unique-id: [engine:junit-jupiter]/[class:stocks.StockReporterTest]/[method:computeNetAssetWithOneNegativeShare()]
display-name: computeNetAssetWithOneNegativeShare()
]]></system-out>
</testcase>
<testcase name="computeNetAssetValue()" classname="stocks.StockReporterTest" time="0.002">
<system-out><![CDATA[
unique-id: [engine:junit-jupiter]/[class:stocks.StockReporterTest]/[method:computeNetAssetValue()]
display-name: computeNetAssetValue()
]]></system-out>
</testcase>
<testcase name="calculateAssetsWithOneTicker()" classname="stocks.StockReporterTest" time="0.001">
<system-out><![CDATA[
unique-id: [engine:junit-jupiter]/[class:stocks.StockReporterTest]/[method:calculateAssetsWithOneTicker()]
display-name: calculateAssetsWithOneTicker()
]]></system-out>
</testcase>
<testcase name="getPriceWithInvalidStockError()" classname="stocks.StockReporterTest" time="0.011">
<system-out><![CDATA[
unique-id: [engine:junit-jupiter]/[class:stocks.StockReporterTest]/[method:getPriceWithInvalidStockError()]
display-name: getPriceWithInvalidStockError()
]]></system-out>
</testcase>
<testcase name="getPriceOfTwoShares()" classname="stocks.StockReporterTest" time="0.002">
<system-out><![CDATA[
unique-id: [engine:junit-jupiter]/[class:stocks.StockReporterTest]/[method:getPriceOfTwoShares()]
display-name: getPriceOfTwoShares()
]]></system-out>
</testcase>
<testcase name="canaryTest()" classname="stocks.StockReporterTest" time="0.004">
<system-out><![CDATA[
unique-id: [engine:junit-jupiter]/[class:stocks.StockReporterTest]/[method:canaryTest()]
display-name: canaryTest()
]]></system-out>
</testcase>
<testcase name="computeNetAssetValueWithNegativePrice()" classname="stocks.StockReporterTest" time="0.001">
<system-out><![CDATA[
unique-id: [engine:junit-jupiter]/[class:stocks.StockReporterTest]/[method:computeNetAssetValueWithNegativePrice()]
display-name: computeNetAssetValueWithNegativePrice()
]]></system-out>
</testcase>
<testcase name="getPriceOfThreeSharesWithNetworkError()" classname="stocks.StockReporterTest" time="0.001">
<system-out><![CDATA[
unique-id: [engine:junit-jupiter]/[class:stocks.StockReporterTest]/[method:getPriceOfThreeSharesWithNetworkError()]
display-name: getPriceOfThreeSharesWithNetworkError()
]]></system-out>
</testcase>
<testcase name="getPriceOfOneShare()" classname="stocks.StockReporterTest" time="0.001">
<system-out><![CDATA[
unique-id: [engine:junit-jupiter]/[class:stocks.StockReporterTest]/[method:getPriceOfOneShare()]
display-name: getPriceOfOneShare()
]]></system-out>
</testcase>
<testcase name="calculateAssetsWithNegativePrice()" classname="stocks.StockReporterTest" time="0.001">
<system-out><![CDATA[
unique-id: [engine:junit-jupiter]/[class:stocks.StockReporterTest]/[method:calculateAssetsWithNegativePrice()]
display-name: calculateAssetsWithNegativePrice()
]]></system-out>
</testcase>
<testcase name="calculateAssetsWithNegativeShares()" classname="stocks.StockReporterTest" time="0.001">
<system-out><![CDATA[
unique-id: [engine:junit-jupiter]/[class:stocks.StockReporterTest]/[method:calculateAssetsWithNegativeShares()]
display-name: calculateAssetsWithNegativeShares()
]]></system-out>
</testcase>
<testcase name="throwsInvalidStockSymbol()" classname="stocks.YahooStockPriceServiceTest" time="0.459">
<failure message="expected: &lt;Invalid stock symbol&gt; but was: &lt;Server returned HTTP response code: 403 for URL: http://download.finance.yahoo.com/d/quotes.csv?s=INVALID&amp;f=sl1&gt;" type="org.opentest4j.AssertionFailedError"><![CDATA[org.opentest4j.AssertionFailedError: expected: <Invalid stock symbol> but was: <Server returned HTTP response code: 403 for URL: http://download.finance.yahoo.com/d/quotes.csv?s=INVALID&f=sl1>
	at org.junit.jupiter.api.AssertionUtils.fail(AssertionUtils.java:52)
	at org.junit.jupiter.api.AssertEquals.failNotEqual(AssertEquals.java:177)
	at org.junit.jupiter.api.AssertEquals.assertEquals(AssertEquals.java:172)
	at org.junit.jupiter.api.AssertEquals.assertEquals(AssertEquals.java:163)
	at org.junit.jupiter.api.Assertions.assertEquals(Assertions.java:481)
	at stocks.YahooStockPriceServiceTest.throwsInvalidStockSymbol(YahooStockPriceServiceTest.java:35)
	at sun.reflect.NativeMethodAccessorImpl.invoke0(Native Method)
	at sun.reflect.NativeMethodAccessorImpl.invoke(NativeMethodAccessorImpl.java:62)
	at sun.reflect.DelegatingMethodAccessorImpl.invoke(DelegatingMethodAccessorImpl.java:43)
	at java.lang.reflect.Method.invoke(Method.java:498)
	at org.junit.platform.commons.util.ReflectionUtils.invokeMethod(ReflectionUtils.java:389)
	at org.junit.jupiter.engine.execution.ExecutableInvoker.invoke(ExecutableInvoker.java:115)
	at org.junit.jupiter.engine.descriptor.TestMethodTestDescriptor.lambda$invokeTestMethod$6(TestMethodTestDescriptor.java:167)
	at org.junit.jupiter.engine.execution.ThrowableCollector.execute(ThrowableCollector.java:40)
	at org.junit.jupiter.engine.descriptor.TestMethodTestDescriptor.invokeTestMethod(TestMethodTestDescriptor.java:163)
	at org.junit.jupiter.engine.descriptor.TestMethodTestDescriptor.execute(TestMethodTestDescriptor.java:110)
	at org.junit.jupiter.engine.descriptor.TestMethodTestDescriptor.execute(TestMethodTestDescriptor.java:57)
	at org.junit.platform.engine.support.hierarchical.HierarchicalTestExecutor.lambda$execute$3(HierarchicalTestExecutor.java:83)
	at org.junit.platform.engine.support.hierarchical.SingleTestExecutor.executeSafely(SingleTestExecutor.java:66)
	at org.junit.platform.engine.support.hierarchical.HierarchicalTestExecutor.execute(HierarchicalTestExecutor.java:77)
	at org.junit.platform.engine.support.hierarchical.HierarchicalTestExecutor.lambda$null$2(HierarchicalTestExecutor.java:92)
	at java.util.stream.ForEachOps$ForEachOp$OfRef.accept(ForEachOps.java:184)
	at java.util.stream.ReferencePipeline$2$1.accept(ReferencePipeline.java:175)
	at java.util.Iterator.forEachRemaining(Iterator.java:116)
	at java.util.Spliterators$IteratorSpliterator.forEachRemaining(Spliterators.java:1801)
	at java.util.stream.AbstractPipeline.copyInto(AbstractPipeline.java:481)
	at java.util.stream.AbstractPipeline.wrapAndCopyInto(AbstractPipeline.java:471)
	at java.util.stream.ForEachOps$ForEachOp.evaluateSequential(ForEachOps.java:151)
	at java.util.stream.ForEachOps$ForEachOp$OfRef.evaluateSequential(ForEachOps.java:174)
	at java.util.stream.AbstractPipeline.evaluate(AbstractPipeline.java:234)
	at java.util.stream.ReferencePipeline.forEach(ReferencePipeline.java:418)
	at org.junit.platform.engine.support.hierarchical.HierarchicalTestExecutor.lambda$execute$3(HierarchicalTestExecutor.java:92)
	at org.junit.platform.engine.support.hierarchical.SingleTestExecutor.executeSafely(SingleTestExecutor.java:66)
	at org.junit.platform.engine.support.hierarchical.HierarchicalTestExecutor.execute(HierarchicalTestExecutor.java:77)
	at org.junit.platform.engine.support.hierarchical.HierarchicalTestExecutor.lambda$null$2(HierarchicalTestExecutor.java:92)
	at java.util.stream.ForEachOps$ForEachOp$OfRef.accept(ForEachOps.java:184)
	at java.util.stream.ReferencePipeline$2$1.accept(ReferencePipeline.java:175)
	at java.util.Iterator.forEachRemaining(Iterator.java:116)
	at java.util.Spliterators$IteratorSpliterator.forEachRemaining(Spliterators.java:1801)
	at java.util.stream.AbstractPipeline.copyInto(AbstractPipeline.java:481)
	at java.util.stream.AbstractPipeline.wrapAndCopyInto(AbstractPipeline.java:471)
	at java.util.stream.ForEachOps$ForEachOp.evaluateSequential(ForEachOps.java:151)
	at java.util.stream.ForEachOps$ForEachOp$OfRef.evaluateSequential(ForEachOps.java:174)
	at java.util.stream.AbstractPipeline.evaluate(AbstractPipeline.java:234)
	at java.util.stream.ReferencePipeline.forEach(ReferencePipeline.java:418)
	at org.junit.platform.engine.support.hierarchical.HierarchicalTestExecutor.lambda$execute$3(HierarchicalTestExecutor.java:92)
	at org.junit.platform.engine.support.hierarchical.SingleTestExecutor.executeSafely(SingleTestExecutor.java:66)
	at org.junit.platform.engine.support.hierarchical.HierarchicalTestExecutor.execute(HierarchicalTestExecutor.java:77)
	at org.junit.platform.engine.support.hierarchical.HierarchicalTestExecutor.execute(HierarchicalTestExecutor.java:51)
	at org.junit.platform.engine.support.hierarchical.HierarchicalTestEngine.execute(HierarchicalTestEngine.java:43)
	at org.junit.platform.launcher.core.DefaultLauncher.execute(DefaultLauncher.java:170)
	at org.junit.platform.launcher.core.DefaultLauncher.execute(DefaultLauncher.java:154)
	at org.junit.platform.launcher.core.DefaultLauncher.execute(DefaultLauncher.java:90)
	at org.junit.platform.console.tasks.ConsoleTestExecutor.executeTests(ConsoleTestExecutor.java:65)
	at org.junit.platform.console.tasks.ConsoleTestExecutor.lambda$execute$0(ConsoleTestExecutor.java:57)
	at org.junit.platform.console.tasks.CustomContextClassLoaderExecutor.invoke(CustomContextClassLoaderExecutor.java:33)
	at org.junit.platform.console.tasks.ConsoleTestExecutor.execute(ConsoleTestExecutor.java:57)
	at org.junit.platform.console.ConsoleLauncher.executeTests(ConsoleLauncher.java:84)
	at org.junit.platform.console.ConsoleLauncher.execute(ConsoleLauncher.java:74)
	at org.junit.platform.console.ConsoleLauncher.execute(ConsoleLauncher.java:47)
	at org.junit.platform.console.ConsoleLauncher.main(ConsoleLauncher.java:39)
]]></failure>
<system-out><![CDATA[
unique-id: [engine:junit-jupiter]/[class:stocks.YahooStockPriceServiceTest]/[method:throwsInvalidStockSymbol()]
display-name: throwsInvalidStockSymbol()
]]></system-out>
</testcase>
<testcase name="getStockPriceOnlineWithOneSymbol()" classname="stocks.YahooStockPriceServiceTest" time="0.053">
<error message="Server returned HTTP response code: 403 for URL: http://download.finance.yahoo.com/d/quotes.csv?s=AAPL&amp;f=sl1" type="java.lang.RuntimeException"><![CDATA[java.lang.RuntimeException: Server returned HTTP response code: 403 for URL: http://download.finance.yahoo.com/d/quotes.csv?s=AAPL&f=sl1
	at stocks.YahooStockPriceService.getPrice(YahooStockPriceService.java:24)
	at stocks.YahooStockPriceServiceTest.getStockPriceOnlineWithOneSymbol(YahooStockPriceServiceTest.java:28)
	at sun.reflect.NativeMethodAccessorImpl.invoke0(Native Method)
	at sun.reflect.NativeMethodAccessorImpl.invoke(NativeMethodAccessorImpl.java:62)
	at sun.reflect.DelegatingMethodAccessorImpl.invoke(DelegatingMethodAccessorImpl.java:43)
	at java.lang.reflect.Method.invoke(Method.java:498)
	at org.junit.platform.commons.util.ReflectionUtils.invokeMethod(ReflectionUtils.java:389)
	at org.junit.jupiter.engine.execution.ExecutableInvoker.invoke(ExecutableInvoker.java:115)
	at org.junit.jupiter.engine.descriptor.TestMethodTestDescriptor.lambda$invokeTestMethod$6(TestMethodTestDescriptor.java:167)
	at org.junit.jupiter.engine.execution.ThrowableCollector.execute(ThrowableCollector.java:40)
	at org.junit.jupiter.engine.descriptor.TestMethodTestDescriptor.invokeTestMethod(TestMethodTestDescriptor.java:163)
	at org.junit.jupiter.engine.descriptor.TestMethodTestDescriptor.execute(TestMethodTestDescriptor.java:110)
	at org.junit.jupiter.engine.descriptor.TestMethodTestDescriptor.execute(TestMethodTestDescriptor.java:57)
	at org.junit.platform.engine.support.hierarchical.HierarchicalTestExecutor.lambda$execute$3(HierarchicalTestExecutor.java:83)
	at org.junit.platform.engine.support.hierarchical.SingleTestExecutor.executeSafely(SingleTestExecutor.java:66)
	at org.junit.platform.engine.support.hierarchical.HierarchicalTestExecutor.execute(HierarchicalTestExecutor.java:77)
	at org.junit.platform.engine.support.hierarchical.HierarchicalTestExecutor.lambda$null$2(HierarchicalTestExecutor.java:92)
	at java.util.stream.ForEachOps$ForEachOp$OfRef.accept(ForEachOps.java:184)
	at java.util.stream.ReferencePipeline$2$1.accept(ReferencePipeline.java:175)
	at java.util.Iterator.forEachRemaining(Iterator.java:116)
	at java.util.Spliterators$IteratorSpliterator.forEachRemaining(Spliterators.java:1801)
	at java.util.stream.AbstractPipeline.copyInto(AbstractPipeline.java:481)
	at java.util.stream.AbstractPipeline.wrapAndCopyInto(AbstractPipeline.java:471)
	at java.util.stream.ForEachOps$ForEachOp.evaluateSequential(ForEachOps.java:151)
	at java.util.stream.ForEachOps$ForEachOp$OfRef.evaluateSequential(ForEachOps.java:174)
	at java.util.stream.AbstractPipeline.evaluate(AbstractPipeline.java:234)
	at java.util.stream.ReferencePipeline.forEach(ReferencePipeline.java:418)
	at org.junit.platform.engine.support.hierarchical.HierarchicalTestExecutor.lambda$execute$3(HierarchicalTestExecutor.java:92)
	at org.junit.platform.engine.support.hierarchical.SingleTestExecutor.executeSafely(SingleTestExecutor.java:66)
	at org.junit.platform.engine.support.hierarchical.HierarchicalTestExecutor.execute(HierarchicalTestExecutor.java:77)
	at org.junit.platform.engine.support.hierarchical.HierarchicalTestExecutor.lambda$null$2(HierarchicalTestExecutor.java:92)
	at java.util.stream.ForEachOps$ForEachOp$OfRef.accept(ForEachOps.java:184)
	at java.util.stream.ReferencePipeline$2$1.accept(ReferencePipeline.java:175)
	at java.util.Iterator.forEachRemaining(Iterator.java:116)
	at java.util.Spliterators$IteratorSpliterator.forEachRemaining(Spliterators.java:1801)
	at java.util.stream.AbstractPipeline.copyInto(AbstractPipeline.java:481)
	at java.util.stream.AbstractPipeline.wrapAndCopyInto(AbstractPipeline.java:471)
	at java.util.stream.ForEachOps$ForEachOp.evaluateSequential(ForEachOps.java:151)
	at java.util.stream.ForEachOps$ForEachOp$OfRef.evaluateSequential(ForEachOps.java:174)
	at java.util.stream.AbstractPipeline.evaluate(AbstractPipeline.java:234)
	at java.util.stream.ReferencePipeline.forEach(ReferencePipeline.java:418)
	at org.junit.platform.engine.support.hierarchical.HierarchicalTestExecutor.lambda$execute$3(HierarchicalTestExecutor.java:92)
	at org.junit.platform.engine.support.hierarchical.SingleTestExecutor.executeSafely(SingleTestExecutor.java:66)
	at org.junit.platform.engine.support.hierarchical.HierarchicalTestExecutor.execute(HierarchicalTestExecutor.java:77)
	at org.junit.platform.engine.support.hierarchical.HierarchicalTestExecutor.execute(HierarchicalTestExecutor.java:51)
	at org.junit.platform.engine.support.hierarchical.HierarchicalTestEngine.execute(HierarchicalTestEngine.java:43)
	at org.junit.platform.launcher.core.DefaultLauncher.execute(DefaultLauncher.java:170)
	at org.junit.platform.launcher.core.DefaultLauncher.execute(DefaultLauncher.java:154)
	at org.junit.platform.launcher.core.DefaultLauncher.execute(DefaultLauncher.java:90)
	at org.junit.platform.console.tasks.ConsoleTestExecutor.executeTests(ConsoleTestExecutor.java:65)
	at org.junit.platform.console.tasks.ConsoleTestExecutor.lambda$execute$0(ConsoleTestExecutor.java:57)
	at org.junit.platform.console.tasks.CustomContextClassLoaderExecutor.invoke(CustomContextClassLoaderExecutor.java:33)
	at org.junit.platform.console.tasks.ConsoleTestExecutor.execute(ConsoleTestExecutor.java:57)
	at org.junit.platform.console.ConsoleLauncher.executeTests(ConsoleLauncher.java:84)
	at org.junit.platform.console.ConsoleLauncher.execute(ConsoleLauncher.java:74)
	at org.junit.platform.console.ConsoleLauncher.execute(ConsoleLauncher.java:47)
	at org.junit.platform.console.ConsoleLauncher.main(ConsoleLauncher.java:39)
]]></error>
<system-out><![CDATA[
unique-id: [engine:junit-jupiter]/[class:stocks.YahooStockPriceServiceTest]/[method:getStockPriceOnlineWithOneSymbol()]
display-name: getStockPriceOnlineWithOneSymbol()
]]></system-out>
</testcase>
<testcase name="getContentFromURl()" classname="stocks.YahooStockPriceServiceTest" time="0.048">
<error message="Server returned HTTP response code: 403 for URL: http://download.finance.yahoo.com/d/quotes.csv?s=AAPL&amp;f=sl1" type="java.io.IOException"><![CDATA[java.io.IOException: Server returned HTTP response code: 403 for URL: http://download.finance.yahoo.com/d/quotes.csv?s=AAPL&f=sl1
	at sun.net.www.protocol.http.HttpURLConnection.getInputStream0(HttpURLConnection.java:1876)
	at sun.net.www.protocol.http.HttpURLConnection.getInputStream(HttpURLConnection.java:1474)
	at stocks.YahooStockPriceService.getUrlContent(YahooStockPriceService.java:12)
	at stocks.YahooStockPriceServiceTest.getContentFromURl(YahooStockPriceServiceTest.java:21)
	at sun.reflect.NativeMethodAccessorImpl.invoke0(Native Method)
	at sun.reflect.NativeMethodAccessorImpl.invoke(NativeMethodAccessorImpl.java:62)
	at sun.reflect.DelegatingMethodAccessorImpl.invoke(DelegatingMethodAccessorImpl.java:43)
	at java.lang.reflect.Method.invoke(Method.java:498)
	at org.junit.platform.commons.util.ReflectionUtils.invokeMethod(ReflectionUtils.java:389)
	at org.junit.jupiter.engine.execution.ExecutableInvoker.invoke(ExecutableInvoker.java:115)
	at org.junit.jupiter.engine.descriptor.TestMethodTestDescriptor.lambda$invokeTestMethod$6(TestMethodTestDescriptor.java:167)
	at org.junit.jupiter.engine.execution.ThrowableCollector.execute(ThrowableCollector.java:40)
	at org.junit.jupiter.engine.descriptor.TestMethodTestDescriptor.invokeTestMethod(TestMethodTestDescriptor.java:163)
	at org.junit.jupiter.engine.descriptor.TestMethodTestDescriptor.execute(TestMethodTestDescriptor.java:110)
	at org.junit.jupiter.engine.descriptor.TestMethodTestDescriptor.execute(TestMethodTestDescriptor.java:57)
	at org.junit.platform.engine.support.hierarchical.HierarchicalTestExecutor.lambda$execute$3(HierarchicalTestExecutor.java:83)
	at org.junit.platform.engine.support.hierarchical.SingleTestExecutor.executeSafely(SingleTestExecutor.java:66)
	at org.junit.platform.engine.support.hierarchical.HierarchicalTestExecutor.execute(HierarchicalTestExecutor.java:77)
	at org.junit.platform.engine.support.hierarchical.HierarchicalTestExecutor.lambda$null$2(HierarchicalTestExecutor.java:92)
	at java.util.stream.ForEachOps$ForEachOp$OfRef.accept(ForEachOps.java:184)
	at java.util.stream.ReferencePipeline$2$1.accept(ReferencePipeline.java:175)
	at java.util.Iterator.forEachRemaining(Iterator.java:116)
	at java.util.Spliterators$IteratorSpliterator.forEachRemaining(Spliterators.java:1801)
	at java.util.stream.AbstractPipeline.copyInto(AbstractPipeline.java:481)
	at java.util.stream.AbstractPipeline.wrapAndCopyInto(AbstractPipeline.java:471)
	at java.util.stream.ForEachOps$ForEachOp.evaluateSequential(ForEachOps.java:151)
	at java.util.stream.ForEachOps$ForEachOp$OfRef.evaluateSequential(ForEachOps.java:174)
	at java.util.stream.AbstractPipeline.evaluate(AbstractPipeline.java:234)
	at java.util.stream.ReferencePipeline.forEach(ReferencePipeline.java:418)
	at org.junit.platform.engine.support.hierarchical.HierarchicalTestExecutor.lambda$execute$3(HierarchicalTestExecutor.java:92)
	at org.junit.platform.engine.support.hierarchical.SingleTestExecutor.executeSafely(SingleTestExecutor.java:66)
	at org.junit.platform.engine.support.hierarchical.HierarchicalTestExecutor.execute(HierarchicalTestExecutor.java:77)
	at org.junit.platform.engine.support.hierarchical.HierarchicalTestExecutor.lambda$null$2(HierarchicalTestExecutor.java:92)
	at java.util.stream.ForEachOps$ForEachOp$OfRef.accept(ForEachOps.java:184)
	at java.util.stream.ReferencePipeline$2$1.accept(ReferencePipeline.java:175)
	at java.util.Iterator.forEachRemaining(Iterator.java:116)
	at java.util.Spliterators$IteratorSpliterator.forEachRemaining(Spliterators.java:1801)
	at java.util.stream.AbstractPipeline.copyInto(AbstractPipeline.java:481)
	at java.util.stream.AbstractPipeline.wrapAndCopyInto(AbstractPipeline.java:471)
	at java.util.stream.ForEachOps$ForEachOp.evaluateSequential(ForEachOps.java:151)
	at java.util.stream.ForEachOps$ForEachOp$OfRef.evaluateSequential(ForEachOps.java:174)
	at java.util.stream.AbstractPipeline.evaluate(AbstractPipeline.java:234)
	at java.util.stream.ReferencePipeline.forEach(ReferencePipeline.java:418)
	at org.junit.platform.engine.support.hierarchical.HierarchicalTestExecutor.lambda$execute$3(HierarchicalTestExecutor.java:92)
	at org.junit.platform.engine.support.hierarchical.SingleTestExecutor.executeSafely(SingleTestExecutor.java:66)
	at org.junit.platform.engine.support.hierarchical.HierarchicalTestExecutor.execute(HierarchicalTestExecutor.java:77)
	at org.junit.platform.engine.support.hierarchical.HierarchicalTestExecutor.execute(HierarchicalTestExecutor.java:51)
	at org.junit.platform.engine.support.hierarchical.HierarchicalTestEngine.execute(HierarchicalTestEngine.java:43)
	at org.junit.platform.launcher.core.DefaultLauncher.execute(DefaultLauncher.java:170)
	at org.junit.platform.launcher.core.DefaultLauncher.execute(DefaultLauncher.java:154)
	at org.junit.platform.launcher.core.DefaultLauncher.execute(DefaultLauncher.java:90)
	at org.junit.platform.console.tasks.ConsoleTestExecutor.executeTests(ConsoleTestExecutor.java:65)
	at org.junit.platform.console.tasks.ConsoleTestExecutor.lambda$execute$0(ConsoleTestExecutor.java:57)
	at org.junit.platform.console.tasks.CustomContextClassLoaderExecutor.invoke(CustomContextClassLoaderExecutor.java:33)
	at org.junit.platform.console.tasks.ConsoleTestExecutor.execute(ConsoleTestExecutor.java:57)
	at org.junit.platform.console.ConsoleLauncher.executeTests(ConsoleLauncher.java:84)
	at org.junit.platform.console.ConsoleLauncher.execute(ConsoleLauncher.java:74)
	at org.junit.platform.console.ConsoleLauncher.execute(ConsoleLauncher.java:47)
	at org.junit.platform.console.ConsoleLauncher.main(ConsoleLauncher.java:39)
]]></error>
<system-out><![CDATA[
unique-id: [engine:junit-jupiter]/[class:stocks.YahooStockPriceServiceTest]/[method:getContentFromURl()]
display-name: getContentFromURl()
]]></system-out>
</testcase>
<testcase name="callsGetPriceToGetActualValue()" classname="stocks.YahooStockPriceServiceTest" time="0.578">
<error message="Server returned HTTP response code: 403 for URL: http://download.finance.yahoo.com/d/quotes.csv?s=AAPL&amp;f=sl1" type="java.io.IOException"><![CDATA[java.io.IOException: Server returned HTTP response code: 403 for URL: http://download.finance.yahoo.com/d/quotes.csv?s=AAPL&f=sl1
	at sun.net.www.protocol.http.HttpURLConnection.getInputStream0(HttpURLConnection.java:1876)
	at sun.net.www.protocol.http.HttpURLConnection.getInputStream(HttpURLConnection.java:1474)
	at stocks.YahooStockPriceService.getUrlContent(YahooStockPriceService.java:12)
	at stocks.YahooStockPriceServiceTest.callsGetPriceToGetActualValue(YahooStockPriceServiceTest.java:49)
	at sun.reflect.NativeMethodAccessorImpl.invoke0(Native Method)
	at sun.reflect.NativeMethodAccessorImpl.invoke(NativeMethodAccessorImpl.java:62)
	at sun.reflect.DelegatingMethodAccessorImpl.invoke(DelegatingMethodAccessorImpl.java:43)
	at java.lang.reflect.Method.invoke(Method.java:498)
	at org.junit.platform.commons.util.ReflectionUtils.invokeMethod(ReflectionUtils.java:389)
	at org.junit.jupiter.engine.execution.ExecutableInvoker.invoke(ExecutableInvoker.java:115)
	at org.junit.jupiter.engine.descriptor.TestMethodTestDescriptor.lambda$invokeTestMethod$6(TestMethodTestDescriptor.java:167)
	at org.junit.jupiter.engine.execution.ThrowableCollector.execute(ThrowableCollector.java:40)
	at org.junit.jupiter.engine.descriptor.TestMethodTestDescriptor.invokeTestMethod(TestMethodTestDescriptor.java:163)
	at org.junit.jupiter.engine.descriptor.TestMethodTestDescriptor.execute(TestMethodTestDescriptor.java:110)
	at org.junit.jupiter.engine.descriptor.TestMethodTestDescriptor.execute(TestMethodTestDescriptor.java:57)
	at org.junit.platform.engine.support.hierarchical.HierarchicalTestExecutor.lambda$execute$3(HierarchicalTestExecutor.java:83)
	at org.junit.platform.engine.support.hierarchical.SingleTestExecutor.executeSafely(SingleTestExecutor.java:66)
	at org.junit.platform.engine.support.hierarchical.HierarchicalTestExecutor.execute(HierarchicalTestExecutor.java:77)
	at org.junit.platform.engine.support.hierarchical.HierarchicalTestExecutor.lambda$null$2(HierarchicalTestExecutor.java:92)
	at java.util.stream.ForEachOps$ForEachOp$OfRef.accept(ForEachOps.java:184)
	at java.util.stream.ReferencePipeline$2$1.accept(ReferencePipeline.java:175)
	at java.util.Iterator.forEachRemaining(Iterator.java:116)
	at java.util.Spliterators$IteratorSpliterator.forEachRemaining(Spliterators.java:1801)
	at java.util.stream.AbstractPipeline.copyInto(AbstractPipeline.java:481)
	at java.util.stream.AbstractPipeline.wrapAndCopyInto(AbstractPipeline.java:471)
	at java.util.stream.ForEachOps$ForEachOp.evaluateSequential(ForEachOps.java:151)
	at java.util.stream.ForEachOps$ForEachOp$OfRef.evaluateSequential(ForEachOps.java:174)
	at java.util.stream.AbstractPipeline.evaluate(AbstractPipeline.java:234)
	at java.util.stream.ReferencePipeline.forEach(ReferencePipeline.java:418)
	at org.junit.platform.engine.support.hierarchical.HierarchicalTestExecutor.lambda$execute$3(HierarchicalTestExecutor.java:92)
	at org.junit.platform.engine.support.hierarchical.SingleTestExecutor.executeSafely(SingleTestExecutor.java:66)
	at org.junit.platform.engine.support.hierarchical.HierarchicalTestExecutor.execute(HierarchicalTestExecutor.java:77)
	at org.junit.platform.engine.support.hierarchical.HierarchicalTestExecutor.lambda$null$2(HierarchicalTestExecutor.java:92)
	at java.util.stream.ForEachOps$ForEachOp$OfRef.accept(ForEachOps.java:184)
	at java.util.stream.ReferencePipeline$2$1.accept(ReferencePipeline.java:175)
	at java.util.Iterator.forEachRemaining(Iterator.java:116)
	at java.util.Spliterators$IteratorSpliterator.forEachRemaining(Spliterators.java:1801)
	at java.util.stream.AbstractPipeline.copyInto(AbstractPipeline.java:481)
	at java.util.stream.AbstractPipeline.wrapAndCopyInto(AbstractPipeline.java:471)
	at java.util.stream.ForEachOps$ForEachOp.evaluateSequential(ForEachOps.java:151)
	at java.util.stream.ForEachOps$ForEachOp$OfRef.evaluateSequential(ForEachOps.java:174)
	at java.util.stream.AbstractPipeline.evaluate(AbstractPipeline.java:234)
	at java.util.stream.ReferencePipeline.forEach(ReferencePipeline.java:418)
	at org.junit.platform.engine.support.hierarchical.HierarchicalTestExecutor.lambda$execute$3(HierarchicalTestExecutor.java:92)
	at org.junit.platform.engine.support.hierarchical.SingleTestExecutor.executeSafely(SingleTestExecutor.java:66)
	at org.junit.platform.engine.support.hierarchical.HierarchicalTestExecutor.execute(HierarchicalTestExecutor.java:77)
	at org.junit.platform.engine.support.hierarchical.HierarchicalTestExecutor.execute(HierarchicalTestExecutor.java:51)
	at org.junit.platform.engine.support.hierarchical.HierarchicalTestEngine.execute(HierarchicalTestEngine.java:43)
	at org.junit.platform.launcher.core.DefaultLauncher.execute(DefaultLauncher.java:170)
	at org.junit.platform.launcher.core.DefaultLauncher.execute(DefaultLauncher.java:154)
	at org.junit.platform.launcher.core.DefaultLauncher.execute(DefaultLauncher.java:90)
	at org.junit.platform.console.tasks.ConsoleTestExecutor.executeTests(ConsoleTestExecutor.java:65)
	at org.junit.platform.console.tasks.ConsoleTestExecutor.lambda$execute$0(ConsoleTestExecutor.java:57)
	at org.junit.platform.console.tasks.CustomContextClassLoaderExecutor.invoke(CustomContextClassLoaderExecutor.java:33)
	at org.junit.platform.console.tasks.ConsoleTestExecutor.execute(ConsoleTestExecutor.java:57)
	at org.junit.platform.console.ConsoleLauncher.executeTests(ConsoleLauncher.java:84)
	at org.junit.platform.console.ConsoleLauncher.execute(ConsoleLauncher.java:74)
	at org.junit.platform.console.ConsoleLauncher.execute(ConsoleLauncher.java:47)
	at org.junit.platform.console.ConsoleLauncher.main(ConsoleLauncher.java:39)
]]></error>
<system-out><![CDATA[
unique-id: [engine:junit-jupiter]/[class:stocks.YahooStockPriceServiceTest]/[method:callsGetPriceToGetActualValue()]
display-name: callsGetPriceToGetActualValue()
]]></system-out>
</testcase>
<testcase name="throwsFailNetworkConnection()" classname="stocks.YahooStockPriceServiceTest" time="0.068">
<system-out><![CDATA[
unique-id: [engine:junit-jupiter]/[class:stocks.YahooStockPriceServiceTest]/[method:throwsFailNetworkConnection()]
display-name: throwsFailNetworkConnection()
]]></system-out>
</testcase>
<system-out><![CDATA[
unique-id: [engine:junit-jupiter]
display-name: JUnit Jupiter
]]></system-out>
</testsuite>
